<?xml version="1.0" encoding="UTF-8"?>
<!-- Generated by org.testng.reporters.JUnitReportReporter -->
<testsuite hostname="Mypc" name="grid.GridEg1" tests="2" failures="0" timestamp="10 Nov 2016 07:00:59 GMT" time="201.544" errors="0">
  <testcase name="grid" time="146.658" classname="grid.GridEg1"/>
  <testcase name="grid" time="54.886" classname="grid.GridEg1"/>
</testsuite> <!-- grid.GridEg1 -->
