<?xml version="1.0" encoding="UTF-8"?>
<!-- Generated by org.testng.reporters.JUnitReportReporter -->
<testsuite hostname="Mypc" name="com.orgHrmTestNG.UserRegTC" tests="1" failures="0" timestamp="7 Nov 2016 06:48:08 GMT" time="14.667" errors="0">
  <testcase name="org_USerreg" time="14.667" classname="com.orgHrmTestNG.UserRegTC"/>
</testsuite> <!-- com.orgHrmTestNG.UserRegTC -->
