<?xml version="1.0" encoding="UTF-8"?>
<!-- Generated by org.testng.reporters.JUnitReportReporter -->
<testsuite hostname="Mypc" name="com.orgHrmTestNG.EmpregTest" tests="1" failures="0" timestamp="4 Nov 2016 07:02:37 GMT" time="13.426" errors="0">
  <testcase name="empreg" time="13.426" classname="com.orgHrmTestNG.EmpregTest"/>
</testsuite> <!-- com.orgHrmTestNG.EmpregTest -->
