<?xml version="1.0" encoding="UTF-8"?>
<!-- Generated by org.testng.reporters.JUnitReportReporter -->
<testsuite hostname="Mypc" name="com.OrgHrm.DriverScripts.Keyword" tests="1" failures="0" timestamp="8 Nov 2016 06:54:09 GMT" time="84.179" errors="0">
  <testcase name="kscript" time="84.179" classname="com.OrgHrm.DriverScripts.Keyword"/>
</testsuite> <!-- com.OrgHrm.DriverScripts.Keyword -->
