<?xml version="1.0" encoding="UTF-8"?>
<!-- Generated by org.testng.reporters.JUnitReportReporter -->
<testsuite hostname="Mypc" name="com.orgHrmTestNG.TestNGEG" tests="1" failures="0" timestamp="4 Nov 2016 06:49:21 GMT" time="7.486" errors="0">
  <testcase name="login" time="7.486" classname="com.orgHrmTestNG.TestNGEG"/>
</testsuite> <!-- com.orgHrmTestNG.TestNGEG -->
