<?xml version="1.0" encoding="UTF-8"?>
<!-- Generated by org.testng.reporters.JUnitReportReporter -->
<testsuite hostname="Mypc" name="com.orgHrmTestNG.LoginTC" tests="1" failures="0" timestamp="4 Nov 2016 06:55:52 GMT" time="3.795" errors="0">
  <testcase name="login" time="3.795" classname="com.orgHrmTestNG.LoginTC"/>
</testsuite> <!-- com.orgHrmTestNG.LoginTC -->
