<?xml version="1.0" encoding="UTF-8"?>
<!-- Generated by org.testng.reporters.JUnitReportReporter -->
<testsuite hostname="Mypc" name="com.orgHrmTestNG.BasicAnnotaions" tests="2" failures="0" timestamp="4 Nov 2016 06:36:50 GMT" time="0.036" errors="0">
  <testcase name="a" time="0.014" classname="com.orgHrmTestNG.BasicAnnotaions"/>
  <testcase name="function1" time="0.022" classname="com.orgHrmTestNG.BasicAnnotaions"/>
</testsuite> <!-- com.orgHrmTestNG.BasicAnnotaions -->
