<?xml version="1.0" encoding="UTF-8"?>
<!-- Generated by org.testng.reporters.JUnitReportReporter -->
<testsuite hostname="Mypc" name="com.OrgHrm.DriverScripts.Hybrid" tests="1" failures="0" timestamp="8 Nov 2016 07:09:47 GMT" time="55.737" errors="0">
  <testcase name="script" time="55.737" classname="com.OrgHrm.DriverScripts.Hybrid"/>
</testsuite> <!-- com.OrgHrm.DriverScripts.Hybrid -->
