<?xml version="1.0" encoding="UTF-8"?>
<!-- Generated by org.testng.reporters.JUnitReportReporter -->
<testsuite hostname="Mypc" name="com.OrgHrm.POM.LoginTc" tests="1" failures="0" timestamp="9 Nov 2016 06:50:40 GMT" time="19.581" errors="0">
  <testcase name="login" time="19.581" classname="com.OrgHrm.POM.LoginTc"/>
</testsuite> <!-- com.OrgHrm.POM.LoginTc -->
