<?xml version="1.0" encoding="UTF-8"?>
<!-- Generated by org.testng.reporters.JUnitReportReporter -->
<testsuite hostname="Mypc" name="com.orgHrmTestNG.EmpRegTC" tests="1" failures="0" timestamp="7 Nov 2016 06:48:08 GMT" time="6.585" errors="0">
  <testcase name="org_Empreg" time="6.585" classname="com.orgHrmTestNG.EmpRegTC"/>
</testsuite> <!-- com.orgHrmTestNG.EmpRegTC -->
